main: using file:
variable_nls.txt

--main: line 0 search

	get_next_line at start:

	Info -----
	b_i->fd: 0
	b_i->buffer_size: 0
	b_i->chunk_last: 0x0
	b_i->chunk_list: 0x0
	b_i->line pointer: 0x0
	b_i->line_end pointer: 0x0
	b_i->line_size: 0
	b_i->read_res: 0

	chunk list start -----

	chunk list end -----
	End Info -----

		ft_append_next_chunk at start:

		Info -----
		b_i->fd: 3
		b_i->buffer_size: 60
		b_i->chunk_last: 0x0
		b_i->chunk_list: 0x0
		b_i->line pointer: 0x0
		b_i->line_end pointer: 0x0
		b_i->line_size: 0
		b_i->read_res: 0

		chunk list start -----

		chunk list end -----
		End Info -----

		ft_append_next_chunk after malloc:

		ft_append_next_chunk before read:

			ft_read_chunk at start:

			ft_read_chunk before malloc:

			ft_read_chunk after malloc:

			ft_read_chunk before read:

			ft_read_chunk before return:

		ft_append_next_chunk after read:

		ft_append_next_chunk after strchr:

		ft_append_next_chunk before return:

		Info -----
		b_i->fd: 3
		b_i->buffer_size: 60
		b_i->chunk_last: 0x7fdbeac05800
		b_i->chunk_list: 0x7fdbeac05800
		b_i->line pointer: 0x0
		b_i->line_end pointer: 0x0
		b_i->line_size: 1
		b_i->read_res: 60

		chunk list start -----

			Start Node Data
			c_n: 0x7fdbeac05800
			c_n->content pointer: 0x7fdbeac05820
			c_n->content string: (str start)
0123456789012345678901234567890123456789x2
0123456789012345(str end)
			c_n->cont_size: 60
			c_n->line_sep pointer: 0x7fdbeac05820
			c_n->line_sep string: (str start)
0123456789012345678901234567890123456789x2
0123456789012345(str end)
			c_n->next: 0x0

			End Node Data
		chunk list end -----
		End Info -----

		ft_pop_next_line at start:

		Info -----
		b_i->fd: 3
		b_i->buffer_size: 60
		b_i->chunk_last: 0x7fdbeac05800
		b_i->chunk_list: 0x7fdbeac05800
		b_i->line pointer: 0x0
		b_i->line_end pointer: 0x0
		b_i->line_size: 1
		b_i->read_res: 60

		chunk list start -----

			Start Node Data
			c_n: 0x7fdbeac05800
			c_n->content pointer: 0x7fdbeac05820
			c_n->content string: (str start)
0123456789012345678901234567890123456789x2
0123456789012345(str end)
			c_n->cont_size: 60
			c_n->line_sep pointer: 0x7fdbeac05820
			c_n->line_sep string: (str start)
0123456789012345678901234567890123456789x2
0123456789012345(str end)
			c_n->next: 0x0

			End Node Data
		chunk list end -----
		End Info -----

		ft_pop_next_line at iteration:

		Info -----
		b_i->fd: 3
		b_i->buffer_size: 60
		b_i->chunk_last: 0x7fdbeac05800
		b_i->chunk_list: 0x7fdbeac05800
		b_i->line pointer: 0x7fdbeac05860
		b_i->line string: (str start)(str end)
		b_i->line_end pointer: 0x7fdbeac05860
		b_i->line_end string: (str start)(str end)
		b_i->line_size: 1
		b_i->read_res: 60

		chunk list start -----

			Start Node Data
			c_n: 0x7fdbeac05800
			c_n->content pointer: 0x7fdbeac05820
			c_n->content string: (str start)
0123456789012345678901234567890123456789x2
0123456789012345(str end)
			c_n->cont_size: 60
			c_n->line_sep pointer: 0x7fdbeac05820
			c_n->line_sep string: (str start)
0123456789012345678901234567890123456789x2
0123456789012345(str end)
			c_n->next: 0x0

			End Node Data
		chunk list end -----
		End Info -----

			ft_extract_end_line_from_chunk at start:

			Info -----
			b_i->fd: 3
			b_i->buffer_size: 60
			b_i->chunk_last: 0x7fdbeac05800
			b_i->chunk_list: 0x7fdbeac05800
			b_i->line pointer: 0x7fdbeac05860
			b_i->line string: (str start)(str end)
			b_i->line_end pointer: 0x7fdbeac05860
			b_i->line_end string: (str start)(str end)
			b_i->line_size: 1
			b_i->read_res: 60

			chunk list start -----

				Start Node Data
				c_n: 0x7fdbeac05800
				c_n->content pointer: 0x7fdbeac05820
				c_n->content string: (str start)
0123456789012345678901234567890123456789x2
0123456789012345(str end)
				c_n->cont_size: 60
				c_n->line_sep pointer: 0x7fdbeac05820
				c_n->line_sep string: (str start)
0123456789012345678901234567890123456789x2
0123456789012345(str end)
				c_n->next: 0x0

				End Node Data
			chunk list end -----
			End Info -----

			ft_extract_end_line_from_chunk before return:

			Info -----
			b_i->fd: 3
			b_i->buffer_size: 60
			b_i->chunk_last: 0x7fdbeac05800
			b_i->chunk_list: 0x7fdbeac05800
			b_i->line pointer: 0x7fdbeac05860
			b_i->line string: (str start)
(str end)
			b_i->line_end pointer: 0x7fdbeac05861
			b_i->line_end string: (str start)(str end)
			b_i->line_size: 1
			b_i->read_res: 60

			chunk list start -----

				Start Node Data
				c_n: 0x7fdbeac05800
				c_n->content pointer: 0x7fdbeac05820
				c_n->content string: (str start)(str end)
				c_n->cont_size: 59
				c_n->line_sep pointer: 0x0
				c_n->next: 0x0

				End Node Data
			chunk list end -----
			End Info -----

get_next_line before return:

	Info -----
	b_i->fd: 3
	b_i->buffer_size: 60
	b_i->chunk_last: 0x7fdbeac05800
	b_i->chunk_list: 0x7fdbeac05800
	b_i->line pointer: 0x7fdbeac05860
	b_i->line string: (str start)
(str end)
	b_i->line_end pointer: 0x7fdbeac05861
	b_i->line_end string: (str start)(str end)
	b_i->line_size: 1
	b_i->read_res: 60

	chunk list start -----

		Start Node Data
		c_n: 0x7fdbeac05800
		c_n->content pointer: 0x7fdbeac05820
		c_n->content string: (str start)(str end)
		c_n->cont_size: 59
		c_n->line_sep pointer: 0x0
		c_n->next: 0x0

		End Node Data
	chunk list end -----
	End Info -----
main: get_next_line result:
(str start)
(str end)
main: loop 1

	get_next_line at start:

	Info -----
	b_i->fd: 3
	b_i->buffer_size: 60
	b_i->chunk_last: 0x7fdbeac05800
	b_i->chunk_list: 0x7fdbeac05800
	b_i->line pointer: 0x7fdbeac05860
	b_i->line string: (str start)
(str end)
	b_i->line_end pointer: 0x7fdbeac05861
	b_i->line_end string: (str start)(str end)
	b_i->line_size: 1
	b_i->read_res: 60

	chunk list start -----

		Start Node Data
		c_n: 0x7fdbeac05800
		c_n->content pointer: 0x7fdbeac05820
		c_n->content string: (str start)(str end)
		c_n->cont_size: 59
		c_n->line_sep pointer: 0x0
		c_n->next: 0x0

		End Node Data
	chunk list end -----
	End Info -----

		ft_append_next_chunk at start:

		Info -----
		b_i->fd: 3
		b_i->buffer_size: 60
		b_i->chunk_last: 0x7fdbeac05800
		b_i->chunk_list: 0x7fdbeac05800
		b_i->line pointer: 0x0
		b_i->line_end pointer: 0x0
		b_i->line_size: 59
		b_i->read_res: 60

		chunk list start -----

			Start Node Data
			c_n: 0x7fdbeac05800
			c_n->content pointer: 0x7fdbeac05820
			c_n->content string: (str start)(str end)
			c_n->cont_size: 59
			c_n->line_sep pointer: 0x0
			c_n->next: 0x0

			End Node Data
		chunk list end -----
		End Info -----

		ft_append_next_chunk after malloc:

		ft_append_next_chunk before read:

			ft_read_chunk at start:

			ft_read_chunk before malloc:

			ft_read_chunk after malloc:

			ft_read_chunk before read:

			ft_read_chunk before return:

		ft_append_next_chunk after read:

		ft_append_next_chunk after strchr:

		ft_append_next_chunk before return:

		Info -----
		b_i->fd: 3
		b_i->buffer_size: 60
		b_i->chunk_last: 0x7fdbeac05870
		b_i->chunk_list: 0x7fdbeac05800
		b_i->line pointer: 0x0
		b_i->line_end pointer: 0x0
		b_i->line_size: 86
		b_i->read_res: 60

		chunk list start -----

			Start Node Data
			c_n: 0x7fdbeac05800
			c_n->content pointer: 0x7fdbeac05820
			c_n->content string: (str start)(str end)
			c_n->cont_size: 59
			c_n->line_sep pointer: 0x0
			c_n->next: 0x7fdbeac05870

			End Node Data
			Start Node Data
			c_n: 0x7fdbeac05870
			c_n->content pointer: 0x7fdbeac05890
			c_n->content string: (str start)678901234567890123456789x3

01234567890123456789012345678901(str end)
			c_n->cont_size: 60
			c_n->line_sep pointer: 0x7fdbeac058aa
			c_n->line_sep string: (str start)

01234567890123456789012345678901(str end)
			c_n->next: 0x0

			End Node Data
		chunk list end -----
		End Info -----

		ft_pop_next_line at start:

		Info -----
		b_i->fd: 3
		b_i->buffer_size: 60
		b_i->chunk_last: 0x7fdbeac05870
		b_i->chunk_list: 0x7fdbeac05800
		b_i->line pointer: 0x0
		b_i->line_end pointer: 0x0
		b_i->line_size: 86
		b_i->read_res: 60

		chunk list start -----

			Start Node Data
			c_n: 0x7fdbeac05800
			c_n->content pointer: 0x7fdbeac05820
			c_n->content string: (str start)(str end)
			c_n->cont_size: 59
			c_n->line_sep pointer: 0x0
			c_n->next: 0x7fdbeac05870

			End Node Data
			Start Node Data
			c_n: 0x7fdbeac05870
			c_n->content pointer: 0x7fdbeac05890
			c_n->content string: (str start)678901234567890123456789x3

01234567890123456789012345678901(str end)
			c_n->cont_size: 60
			c_n->line_sep pointer: 0x7fdbeac058aa
			c_n->line_sep string: (str start)

01234567890123456789012345678901(str end)
			c_n->next: 0x0

			End Node Data
		chunk list end -----
		End Info -----

		ft_pop_next_line at iteration:

		Info -----
		b_i->fd: 3
		b_i->buffer_size: 60
		b_i->chunk_last: 0x7fdbeac05870
		b_i->chunk_list: 0x7fdbeac05800
		b_i->line pointer: 0x7fdbeac058d0
		b_i->line string: (str start)(str end)
		b_i->line_end pointer: 0x7fdbeac058d0
		b_i->line_end string: (str start)(str end)
		b_i->line_size: 86
		b_i->read_res: 60

		chunk list start -----

			Start Node Data
			c_n: 0x7fdbeac05800
			c_n->content pointer: 0x7fdbeac05820
			c_n->content string: (str start)(str end)
			c_n->cont_size: 59
			c_n->line_sep pointer: 0x0
			c_n->next: 0x7fdbeac05870

			End Node Data
			Start Node Data
			c_n: 0x7fdbeac05870
			c_n->content pointer: 0x7fdbeac05890
			c_n->content string: (str start)678901234567890123456789x3

01234567890123456789012345678901(str end)
			c_n->cont_size: 60
			c_n->line_sep pointer: 0x7fdbeac058aa
			c_n->line_sep string: (str start)

01234567890123456789012345678901(str end)
			c_n->next: 0x0

			End Node Data
		chunk list end -----
		End Info -----

		ft_pop_next_line at iteration:

		Info -----
		b_i->fd: 3
		b_i->buffer_size: 60
		b_i->chunk_last: 0x7fdbeac05870
		b_i->chunk_list: 0x7fdbeac05800
		b_i->line pointer: 0x7fdbeac058d0
		b_i->line string: (str start)(str end)
		b_i->line_end pointer: 0x7fdbeac0590b
		b_i->line_end string: (str start)(str end)
		b_i->line_size: 86
		b_i->read_res: 60

		chunk list start -----

			Start Node Data
			c_n: 0x7fdbeac05800
			c_n->content pointer: 0x7fdbeac05820
			c_n->content string: (str start)(str end)
			c_n->cont_size: 59
			c_n->line_sep pointer: 0x0
			c_n->next: 0x7fdbeac05870

			End Node Data
			Start Node Data
			c_n: 0x7fdbeac05870
			c_n->content pointer: 0x7fdbeac05890
			c_n->content string: (str start)678901234567890123456789x3

01234567890123456789012345678901(str end)
			c_n->cont_size: 60
			c_n->line_sep pointer: 0x7fdbeac058aa
			c_n->line_sep string: (str start)

01234567890123456789012345678901(str end)
			c_n->next: 0x0

			End Node Data
		chunk list end -----
		End Info -----

			ft_extract_end_line_from_chunk at start:

			Info -----
			b_i->fd: 3
			b_i->buffer_size: 60
			b_i->chunk_last: 0x7fdbeac05870
			b_i->chunk_list: 0x7fdbeac05800
			b_i->line pointer: 0x7fdbeac058d0
			b_i->line string: (str start)(str end)
			b_i->line_end pointer: 0x7fdbeac0590b
			b_i->line_end string: (str start)(str end)
			b_i->line_size: 86
			b_i->read_res: 60

			chunk list start -----

				Start Node Data
				c_n: 0x7fdbeac05800
				c_n->content pointer: 0x7fdbeac05820
				c_n->content string: (str start)(str end)
				c_n->cont_size: 59
				c_n->line_sep pointer: 0x0
				c_n->next: 0x7fdbeac05870

				End Node Data
				Start Node Data
				c_n: 0x7fdbeac05870
				c_n->content pointer: 0x7fdbeac05890
				c_n->content string: (str start)678901234567890123456789x3

01234567890123456789012345678901(str end)
				c_n->cont_size: 60
				c_n->line_sep pointer: 0x7fdbeac058aa
				c_n->line_sep string: (str start)

01234567890123456789012345678901(str end)
				c_n->next: 0x0

				End Node Data
			chunk list end -----
			End Info -----

			ft_extract_end_line_from_chunk before return:

			Info -----
			b_i->fd: 3
			b_i->buffer_size: 60
			b_i->chunk_last: 0x7fdbeac05870
			b_i->chunk_list: 0x7fdbeac05870
			b_i->line pointer: 0x7fdbeac058d0
			b_i->line string: (str start)(str end)
			b_i->line_end pointer: 0x7fdbeac05926
			b_i->line_end string: (str start)(str end)
			b_i->line_size: 86
			b_i->read_res: 60

			chunk list start -----

				Start Node Data
				c_n: 0x7fdbeac05870
				c_n->content pointer: 0x7fdbeac05890
				c_n->content string: (str start)(str end)
				c_n->cont_size: 33
				c_n->line_sep pointer: 0x0
				c_n->next: 0x0

				End Node Data
			chunk list end -----
			End Info -----

get_next_line before return:

	Info -----
	b_i->fd: 3
	b_i->buffer_size: 60
	b_i->chunk_last: 0x7fdbeac05870
	b_i->chunk_list: 0x7fdbeac05870
	b_i->line pointer: 0x7fdbeac058d0
	b_i->line string: (str start)(str end)
	b_i->line_end pointer: 0x7fdbeac05926
	b_i->line_end string: (str start)(str end)
	b_i->line_size: 86
	b_i->read_res: 60

	chunk list start -----

		Start Node Data
		c_n: 0x7fdbeac05870
		c_n->content pointer: 0x7fdbeac05890
		c_n->content string: (str start)(str end)
		c_n->cont_size: 33
		c_n->line_sep pointer: 0x0
		c_n->next: 0x0

		End Node Data
	chunk list end -----
	End Info -----
main: get_next_line result:
(str start)(str end)
main: loop 2

	get_next_line at start:

	Info -----
	b_i->fd: 3
	b_i->buffer_size: 60
	b_i->chunk_last: 0x7fdbeac05870
	b_i->chunk_list: 0x7fdbeac05870
	b_i->line pointer: 0x7fdbeac058d0
	b_i->line string: (str start)(str end)
	b_i->line_end pointer: 0x7fdbeac05926
	b_i->line_end string: (str start)(str end)
	b_i->line_size: 86
	b_i->read_res: 60

	chunk list start -----

		Start Node Data
		c_n: 0x7fdbeac05870
		c_n->content pointer: 0x7fdbeac05890
		c_n->content string: (str start)(str end)
		c_n->cont_size: 33
		c_n->line_sep pointer: 0x0
		c_n->next: 0x0

		End Node Data
	chunk list end -----
	End Info -----

		ft_append_next_chunk at start:

		Info -----
		b_i->fd: 3
		b_i->buffer_size: 60
		b_i->chunk_last: 0x7fdbeac05870
		b_i->chunk_list: 0x7fdbeac05870
		b_i->line pointer: 0x0
		b_i->line_end pointer: 0x0
		b_i->line_size: 33
		b_i->read_res: 60

		chunk list start -----

			Start Node Data
			c_n: 0x7fdbeac05870
			c_n->content pointer: 0x7fdbeac05890
			c_n->content string: (str start)(str end)
			c_n->cont_size: 33
			c_n->line_sep pointer: 0x0
			c_n->next: 0x0

			End Node Data
		chunk list end -----
		End Info -----

		ft_append_next_chunk after malloc:

		ft_append_next_chunk before read:

			ft_read_chunk at start:

			ft_read_chunk before malloc:

			ft_read_chunk after malloc:

			ft_read_chunk before read:

			ft_read_chunk before return:

		ft_append_next_chunk after read:

		ft_append_next_chunk after strchr:

		ft_append_next_chunk before return:

		Info -----
		b_i->fd: 3
		b_i->buffer_size: 60
		b_i->chunk_last: 0x7fdbeac05800
		b_i->chunk_list: 0x7fdbeac05870
		b_i->line pointer: 0x0
		b_i->line_end pointer: 0x0
		b_i->line_size: 44
		b_i->read_res: 60

		chunk list start -----

			Start Node Data
			c_n: 0x7fdbeac05870
			c_n->content pointer: 0x7fdbeac05890
			c_n->content string: (str start)(str end)
			c_n->cont_size: 33
			c_n->line_sep pointer: 0x0
			c_n->next: 0x7fdbeac05800

			End Node Data
			Start Node Data
			c_n: 0x7fdbeac05800
			c_n->content pointer: 0x7fdbeac05820
			c_n->content string: (str start)23456789x5


0123456789012345678901234567890123456789x8



0(str end)
			c_n->cont_size: 60
			c_n->line_sep pointer: 0x7fdbeac0582a
			c_n->line_sep string: (str start)


0123456789012345678901234567890123456789x8



0(str end)
			c_n->next: 0x0

			End Node Data
		chunk list end -----
		End Info -----

		ft_pop_next_line at start:

		Info -----
		b_i->fd: 3
		b_i->buffer_size: 60
		b_i->chunk_last: 0x7fdbeac05800
		b_i->chunk_list: 0x7fdbeac05870
		b_i->line pointer: 0x0
		b_i->line_end pointer: 0x0
		b_i->line_size: 44
		b_i->read_res: 60

		chunk list start -----

			Start Node Data
			c_n: 0x7fdbeac05870
			c_n->content pointer: 0x7fdbeac05890
			c_n->content string: (str start)(str end)
			c_n->cont_size: 33
			c_n->line_sep pointer: 0x0
			c_n->next: 0x7fdbeac05800

			End Node Data
			Start Node Data
			c_n: 0x7fdbeac05800
			c_n->content pointer: 0x7fdbeac05820
			c_n->content string: (str start)23456789x5


0123456789012345678901234567890123456789x8



0(str end)
			c_n->cont_size: 60
			c_n->line_sep pointer: 0x7fdbeac0582a
			c_n->line_sep string: (str start)


0123456789012345678901234567890123456789x8



0(str end)
			c_n->next: 0x0

			End Node Data
		chunk list end -----
		End Info -----

		ft_pop_next_line at iteration:

		Info -----
		b_i->fd: 3
		b_i->buffer_size: 60
		b_i->chunk_last: 0x7fdbeac05800
		b_i->chunk_list: 0x7fdbeac05870
		b_i->line pointer: 0x7fdbeac05930
		b_i->line string: (str start)(str end)
		b_i->line_end pointer: 0x7fdbeac05930
		b_i->line_end string: (str start)(str end)
		b_i->line_size: 44
		b_i->read_res: 60

		chunk list start -----

			Start Node Data
			c_n: 0x7fdbeac05870
			c_n->content pointer: 0x7fdbeac05890
			c_n->content string: (str start)(str end)
			c_n->cont_size: 33
			c_n->line_sep pointer: 0x0
			c_n->next: 0x7fdbeac05800

			End Node Data
			Start Node Data
			c_n: 0x7fdbeac05800
			c_n->content pointer: 0x7fdbeac05820
			c_n->content string: (str start)23456789x5


0123456789012345678901234567890123456789x8



0(str end)
			c_n->cont_size: 60
			c_n->line_sep pointer: 0x7fdbeac0582a
			c_n->line_sep string: (str start)


0123456789012345678901234567890123456789x8



0(str end)
			c_n->next: 0x0

			End Node Data
		chunk list end -----
		End Info -----

		ft_pop_next_line at iteration:

		Info -----
		b_i->fd: 3
		b_i->buffer_size: 60
		b_i->chunk_last: 0x7fdbeac05800
		b_i->chunk_list: 0x7fdbeac05870
		b_i->line pointer: 0x7fdbeac05930
		b_i->line string: (str start)(str end)
		b_i->line_end pointer: 0x7fdbeac05951
		b_i->line_end string: (str start)(str end)
		b_i->line_size: 44
		b_i->read_res: 60

		chunk list start -----

			Start Node Data
			c_n: 0x7fdbeac05870
			c_n->content pointer: 0x7fdbeac05890
			c_n->content string: (str start)(str end)
			c_n->cont_size: 33
			c_n->line_sep pointer: 0x0
			c_n->next: 0x7fdbeac05800

			End Node Data
			Start Node Data
			c_n: 0x7fdbeac05800
			c_n->content pointer: 0x7fdbeac05820
			c_n->content string: (str start)23456789x5


0123456789012345678901234567890123456789x8



0(str end)
			c_n->cont_size: 60
			c_n->line_sep pointer: 0x7fdbeac0582a
			c_n->line_sep string: (str start)


0123456789012345678901234567890123456789x8



0(str end)
			c_n->next: 0x0

			End Node Data
		chunk list end -----
		End Info -----

			ft_extract_end_line_from_chunk at start:

			Info -----
			b_i->fd: 3
			b_i->buffer_size: 60
			b_i->chunk_last: 0x7fdbeac05800
			b_i->chunk_list: 0x7fdbeac05870
			b_i->line pointer: 0x7fdbeac05930
			b_i->line string: (str start)(str end)
			b_i->line_end pointer: 0x7fdbeac05951
			b_i->line_end string: (str start)(str end)
			b_i->line_size: 44
			b_i->read_res: 60

			chunk list start -----

				Start Node Data
				c_n: 0x7fdbeac05870
				c_n->content pointer: 0x7fdbeac05890
				c_n->content string: (str start)(str end)
				c_n->cont_size: 33
				c_n->line_sep pointer: 0x0
				c_n->next: 0x7fdbeac05800

				End Node Data
				Start Node Data
				c_n: 0x7fdbeac05800
				c_n->content pointer: 0x7fdbeac05820
				c_n->content string: (str start)23456789x5


0123456789012345678901234567890123456789x8



0(str end)
				c_n->cont_size: 60
				c_n->line_sep pointer: 0x7fdbeac0582a
				c_n->line_sep string: (str start)


0123456789012345678901234567890123456789x8



0(str end)
				c_n->next: 0x0

				End Node Data
			chunk list end -----
			End Info -----

			ft_extract_end_line_from_chunk before return:

			Info -----
			b_i->fd: 3
			b_i->buffer_size: 60
			b_i->chunk_last: 0x7fdbeac05800
			b_i->chunk_list: 0x7fdbeac05800
			b_i->line pointer: 0x7fdbeac05930
			b_i->line string: (str start)(str end)
			b_i->line_end pointer: 0x7fdbeac0595c
			b_i->line_end string: (str start)(str end)
			b_i->line_size: 44
			b_i->read_res: 60

			chunk list start -----

				Start Node Data
				c_n: 0x7fdbeac05800
				c_n->content pointer: 0x7fdbeac05820
				c_n->content string: (str start)(str end)
				c_n->cont_size: 49
				c_n->line_sep pointer: 0x0
				c_n->next: 0x0

				End Node Data
			chunk list end -----
			End Info -----

get_next_line before return:

	Info -----
	b_i->fd: 3
	b_i->buffer_size: 60
	b_i->chunk_last: 0x7fdbeac05800
	b_i->chunk_list: 0x7fdbeac05800
	b_i->line pointer: 0x7fdbeac05930
	b_i->line string: (str start)(str end)
	b_i->line_end pointer: 0x7fdbeac0595c
	b_i->line_end string: (str start)(str end)
	b_i->line_size: 44
	b_i->read_res: 60

	chunk list start -----

		Start Node Data
		c_n: 0x7fdbeac05800
		c_n->content pointer: 0x7fdbeac05820
		c_n->content string: (str start)(str end)
		c_n->cont_size: 49
		c_n->line_sep pointer: 0x0
		c_n->next: 0x0

		End Node Data
	chunk list end -----
	End Info -----
main: get_next_line result:
(str start)(str end)
main: loop 3

	get_next_line at start:

	Info -----
	b_i->fd: 3
	b_i->buffer_size: 60
	b_i->chunk_last: 0x7fdbeac05800
	b_i->chunk_list: 0x7fdbeac05800
	b_i->line pointer: 0x7fdbeac05930
	b_i->line string: (str start)(str end)
	b_i->line_end pointer: 0x7fdbeac0595c
	b_i->line_end string: (str start)(str end)
	b_i->line_size: 44
	b_i->read_res: 60

	chunk list start -----

		Start Node Data
		c_n: 0x7fdbeac05800
		c_n->content pointer: 0x7fdbeac05820
		c_n->content string: (str start)(str end)
		c_n->cont_size: 49
		c_n->line_sep pointer: 0x0
		c_n->next: 0x0

		End Node Data
	chunk list end -----
	End Info -----

		ft_append_next_chunk at start:

		Info -----
		b_i->fd: 3
		b_i->buffer_size: 60
		b_i->chunk_last: 0x7fdbeac05800
		b_i->chunk_list: 0x7fdbeac05800
		b_i->line pointer: 0x0
		b_i->line_end pointer: 0x0
		b_i->line_size: 49
		b_i->read_res: 60

		chunk list start -----

			Start Node Data
			c_n: 0x7fdbeac05800
			c_n->content pointer: 0x7fdbeac05820
			c_n->content string: (str start)(str end)
			c_n->cont_size: 49
			c_n->line_sep pointer: 0x0
			c_n->next: 0x0

			End Node Data
		chunk list end -----
		End Info -----

		ft_append_next_chunk after malloc:

		ft_append_next_chunk before read:

			ft_read_chunk at start:

			ft_read_chunk before malloc:

			ft_read_chunk after malloc:

			ft_read_chunk before read:

			ft_read_chunk before return:

		ft_append_next_chunk after read:

		ft_append_next_chunk after strchr:

		ft_append_next_chunk before return:

		Info -----
		b_i->fd: 3
		b_i->buffer_size: 60
		b_i->chunk_last: 0x7fdbeac05860
		b_i->chunk_list: 0x7fdbeac05800
		b_i->line pointer: 0x0
		b_i->line_end pointer: 0x0
		b_i->line_size: 91
		b_i->read_res: 42

		chunk list start -----

			Start Node Data
			c_n: 0x7fdbeac05800
			c_n->content pointer: 0x7fdbeac05820
			c_n->content string: (str start)(str end)
			c_n->cont_size: 49
			c_n->line_sep pointer: 0x0
			c_n->next: 0x7fdbeac05860

			End Node Data
			Start Node Data
			c_n: 0x7fdbeac05860
			c_n->content pointer: 0x7fdbeac05880
			c_n->content string: (str start)123456789012345678901234567890123456789x12(str end)
			c_n->cont_size: 42
			c_n->line_sep pointer: 0x0
			c_n->next: 0x0

			End Node Data
		chunk list end -----
		End Info -----

		ft_append_next_chunk at start:

		Info -----
		b_i->fd: 3
		b_i->buffer_size: 60
		b_i->chunk_last: 0x7fdbeac05860
		b_i->chunk_list: 0x7fdbeac05800
		b_i->line pointer: 0x0
		b_i->line_end pointer: 0x0
		b_i->line_size: 91
		b_i->read_res: 42

		chunk list start -----

			Start Node Data
			c_n: 0x7fdbeac05800
			c_n->content pointer: 0x7fdbeac05820
			c_n->content string: (str start)(str end)
			c_n->cont_size: 49
			c_n->line_sep pointer: 0x0
			c_n->next: 0x7fdbeac05860

			End Node Data
			Start Node Data
			c_n: 0x7fdbeac05860
			c_n->content pointer: 0x7fdbeac05880
			c_n->content string: (str start)123456789012345678901234567890123456789x12(str end)
			c_n->cont_size: 42
			c_n->line_sep pointer: 0x0
			c_n->next: 0x0

			End Node Data
		chunk list end -----
		End Info -----

		ft_append_next_chunk after malloc:

		ft_append_next_chunk before read:

			ft_read_chunk at start:

			ft_read_chunk before malloc:

			ft_read_chunk after malloc:

			ft_read_chunk before read:

			ft_read_chunk before free:

			ft_read_chunk after free:

			ft_read_chunk before return:

		ft_append_next_chunk after read:

		ft_append_next_chunk before free:

		ft_append_next_chunk before return:

		Info -----
		b_i->fd: 3
		b_i->buffer_size: 60
		b_i->chunk_last: 0x7fdbeac05860
		b_i->chunk_list: 0x7fdbeac05800
		b_i->line pointer: 0x0
		b_i->line_end pointer: 0x0
		b_i->line_size: 91
		b_i->read_res: 0

		chunk list start -----

			Start Node Data
			c_n: 0x7fdbeac05800
			c_n->content pointer: 0x7fdbeac05820
			c_n->content string: (str start)(str end)
			c_n->cont_size: 49
			c_n->line_sep pointer: 0x0
			c_n->next: 0x7fdbeac05860

			End Node Data
			Start Node Data
			c_n: 0x7fdbeac05860
			c_n->content pointer: 0x7fdbeac05880
			c_n->content string: (str start)123456789012345678901234567890123456789x12(str end)
			c_n->cont_size: 42
			c_n->line_sep pointer: 0x0
			c_n->next: 0x0

			End Node Data
		chunk list end -----
		End Info -----

		ft_pop_next_line at start:

		Info -----
		b_i->fd: 3
		b_i->buffer_size: 60
		b_i->chunk_last: 0x7fdbeac05860
		b_i->chunk_list: 0x7fdbeac05800
		b_i->line pointer: 0x0
		b_i->line_end pointer: 0x0
		b_i->line_size: 91
		b_i->read_res: 0

		chunk list start -----

			Start Node Data
			c_n: 0x7fdbeac05800
			c_n->content pointer: 0x7fdbeac05820
			c_n->content string: (str start)(str end)
			c_n->cont_size: 49
			c_n->line_sep pointer: 0x0
			c_n->next: 0x7fdbeac05860

			End Node Data
			Start Node Data
			c_n: 0x7fdbeac05860
			c_n->content pointer: 0x7fdbeac05880
			c_n->content string: (str start)123456789012345678901234567890123456789x12(str end)
			c_n->cont_size: 42
			c_n->line_sep pointer: 0x0
			c_n->next: 0x0

			End Node Data
		chunk list end -----
		End Info -----

		ft_pop_next_line at iteration:

		Info -----
		b_i->fd: 3
		b_i->buffer_size: 60
		b_i->chunk_last: 0x7fdbeac05860
		b_i->chunk_list: 0x7fdbeac05800
		b_i->line pointer: 0x7fdbeac058e0
		b_i->line string: (str start)(str end)
		b_i->line_end pointer: 0x7fdbeac058e0
		b_i->line_end string: (str start)(str end)
		b_i->line_size: 91
		b_i->read_res: 0

		chunk list start -----

			Start Node Data
			c_n: 0x7fdbeac05800
			c_n->content pointer: 0x7fdbeac05820
			c_n->content string: (str start)(str end)
			c_n->cont_size: 49
			c_n->line_sep pointer: 0x0
			c_n->next: 0x7fdbeac05860

			End Node Data
			Start Node Data
			c_n: 0x7fdbeac05860
			c_n->content pointer: 0x7fdbeac05880
			c_n->content string: (str start)123456789012345678901234567890123456789x12(str end)
			c_n->cont_size: 42
			c_n->line_sep pointer: 0x0
			c_n->next: 0x0

			End Node Data
		chunk list end -----
		End Info -----

		ft_pop_next_line at iteration:

		Info -----
		b_i->fd: 3
		b_i->buffer_size: 60
		b_i->chunk_last: 0x7fdbeac05860
		b_i->chunk_list: 0x7fdbeac05800
		b_i->line pointer: 0x7fdbeac058e0
		b_i->line string: (str start)(str end)
		b_i->line_end pointer: 0x7fdbeac05911
		b_i->line_end string: (str start)234567890123456(str end)
		b_i->line_size: 91
		b_i->read_res: 0

		chunk list start -----

			Start Node Data
			c_n: 0x7fdbeac05800
			c_n->content pointer: 0x7fdbeac05820
			c_n->content string: (str start)(str end)
			c_n->cont_size: 49
			c_n->line_sep pointer: 0x0
			c_n->next: 0x7fdbeac05860

			End Node Data
			Start Node Data
			c_n: 0x7fdbeac05860
			c_n->content pointer: 0x7fdbeac05880
			c_n->content string: (str start)123456789012345678901234567890123456789x12(str end)
			c_n->cont_size: 42
			c_n->line_sep pointer: 0x0
			c_n->next: 0x0

			End Node Data
		chunk list end -----
		End Info -----

		ft_pop_next_line after iterations:

		Info -----
		b_i->fd: 3
		b_i->buffer_size: 60
		b_i->chunk_last: 0x7fdbeac05860
		b_i->chunk_list: 0x7fdbeac05800
		b_i->line pointer: 0x7fdbeac058e0
		b_i->line string: (str start)(str end)
		b_i->line_end pointer: 0x7fdbeac0593b
		b_i->line_end string: (str start)01234(str end)
		b_i->line_size: 91
		b_i->read_res: 0

		chunk list start -----

			Start Node Data
			c_n: 0x7fdbeac05800
			c_n->content pointer: 0x7fdbeac05820
			c_n->content string: (str start)(str end)
			c_n->cont_size: 49
			c_n->line_sep pointer: 0x0
			c_n->next: 0x7fdbeac05860

			End Node Data
			Start Node Data
			c_n: 0x7fdbeac05860
			c_n->content pointer: 0x7fdbeac05880
			c_n->content string: (str start)123456789012345678901234567890123456789x12(str end)
			c_n->cont_size: 42
			c_n->line_sep pointer: 0x0
			c_n->next: 0x0

			End Node Data
		chunk list end -----
		End Info -----

get_next_line before return:

	Info -----
	b_i->fd: 3
	b_i->buffer_size: 60
	b_i->chunk_last: 0x0
	b_i->chunk_list: 0x0
	b_i->line pointer: 0x7fdbeac058e0
	b_i->line string: (str start)(str end)
	b_i->line_end pointer: 0x7fdbeac0593b
	b_i->line_end string: (str start)01234(str end)
	b_i->line_size: 91
	b_i->read_res: 0

	chunk list start -----

	chunk list end -----
	End Info -----
main: get_next_line result:
(str start)(str end)
main: loop 4

	get_next_line at start:

	Info -----
	b_i->fd: 3
	b_i->buffer_size: 60
	b_i->chunk_last: 0x0
	b_i->chunk_list: 0x0
	b_i->line pointer: 0x7fdbeac058e0
	b_i->line string: (str start)(str end)
	b_i->line_end pointer: 0x7fdbeac0593b
	b_i->line_end string: (str start)01234(str end)
	b_i->line_size: 91
	b_i->read_res: 0

	chunk list start -----

	chunk list end -----
	End Info -----

		ft_append_next_chunk at start:

		Info -----
		b_i->fd: 3
		b_i->buffer_size: 60
		b_i->chunk_last: 0x0
		b_i->chunk_list: 0x0
		b_i->line pointer: 0x0
		b_i->line_end pointer: 0x0
		b_i->line_size: 0
		b_i->read_res: 0

		chunk list start -----

		chunk list end -----
		End Info -----

		ft_append_next_chunk after malloc:

		ft_append_next_chunk before read:

			ft_read_chunk at start:

			ft_read_chunk before malloc:

			ft_read_chunk after malloc:

			ft_read_chunk before read:

			ft_read_chunk before free:

			ft_read_chunk after free:

			ft_read_chunk before return:

		ft_append_next_chunk after read:

		ft_append_next_chunk before free:

		ft_append_next_chunk before return:

		Info -----
		b_i->fd: 3
		b_i->buffer_size: 60
		b_i->chunk_last: 0x0
		b_i->chunk_list: 0x0
		b_i->line pointer: 0x0
		b_i->line_end pointer: 0x0
		b_i->line_size: 0
		b_i->read_res: 0

		chunk list start -----

		chunk list end -----
		End Info -----

		ft_pop_next_line at start:

		Info -----
		b_i->fd: 3
		b_i->buffer_size: 60
		b_i->chunk_last: 0x0
		b_i->chunk_list: 0x0
		b_i->line pointer: 0x0
		b_i->line_end pointer: 0x0
		b_i->line_size: 0
		b_i->read_res: 0

		chunk list start -----

		chunk list end -----
		End Info -----

get_next_line before return:

	Info -----
	b_i->fd: 3
	b_i->buffer_size: 60
	b_i->chunk_last: 0x0
	b_i->chunk_list: 0x0
	b_i->line pointer: 0x0
	b_i->line_end pointer: 0x0
	b_i->line_size: 0
	b_i->read_res: 0

	chunk list start -----

	chunk list end -----
	End Info -----
close failed